<?xml version="1.0" encoding="UTF-8"?>
<!-- Generated by org.testng.reporters.JUnitXMLReporter -->
<testsuite hostname="SCSHYD-198" ignored="0" name="PradeepTesting" tests="4" failures="0" timestamp="2021-02-17T15:55:03 IST" time="18.984" errors="0">
  <testcase name="LogIn" time="0.988" classname="test.Accounts"/>
  <testcase name="AccountsSetup" time="5.692" classname="test.Accounts"/>
  <testcase name="AccountInfo" time="2.161" classname="test.Accounts"/>
  <testcase name="DeleteAccount" time="1.695" classname="test.Accounts"/>
</testsuite> <!-- PradeepTesting -->
